#
# A fatal error has been detected by the Java Runtime Environment:
#
#  SIGSEGV (0xb) at pc=0x000000012bf63d33, pid=722, tid=0x0000000000000307
#
# JRE version: Java(TM) SE Runtime Environment (8.0_161-b12) (build 1.8.0_161-b12)
# Java VM: Java HotSpot(TM) 64-Bit Server VM (25.161-b12 mixed mode bsd-amd64 compressed oops)
# Problematic frame:
# C  [libjfxwebkit.dylib+0x8cd33]  JSC::JSObject::get(JSC::ExecState*, JSC::PropertyName) const+0x43
#
# Failed to write core dump. Core dumps have been disabled. To enable core dumping, try "ulimit -c unlimited" before starting Java again
#
# If you would like to submit a bug report, please visit:
#   http://bugreport.java.com/bugreport/crash.jsp
# The crash happened outside the Java Virtual Machine in native code.
# See problematic frame for where to report the bug.
#

---------------  T H R E A D  ---------------

Current thread (0x00007fae93970000):  JavaThread "JavaFX Application Thread" [_thread_in_native, id=775, stack(0x00007ffee5b74000,0x00007ffee6374000)]

siginfo: si_signo: 11 (SIGSEGV), si_code: 1 (SEGV_MAPERR), si_addr: 0x0000000000000006

Registers:
RAX=0x000000012fdf5000, RBX=0x00000001301d35b8, RCX=0x00000001301d3570, RDX=0x000000012fbca0f0
RSP=0x00007ffee636a9e0, RBP=0x00007ffee636aa80, RSI=0x00000001301d35b8, RDI=0x0000000000000000
R8 =0x000000012fb7f700, R9 =0x0000000000000007, R10=0x0000000000000001, R11=0x000000012fb7f700
R12=0x000000012fbca0f0, R13=0x0000000138dc5118, R14=0x000000012fe00000, R15=0x0000000000000000
RIP=0x000000012bf63d33, EFLAGS=0x0000000000010202, ERR=0x0000000000000004
  TRAPNO=0x000000000000000e

Top of Stack: (sp=0x00007ffee636a9e0)
0x00007ffee636a9e0:   fffffffee636aa00 0000000138dc5118
0x00007ffee636a9f0:   00007ffee636aa00 0000000138dc5118
0x00007ffee636aa00:   0000000138dc6838 0000000000000260
0x00007ffee636aa10:   0000000138dc5118 00000001ffffffff
0x00007ffee636aa20:   0000000000000000 0000000000000000
0x00007ffee636aa30:   0000000000000000 0000000100000001
0x00007ffee636aa40:   0000000000014ad9 000000010b234c70
0x00007ffee636aa50:   000000010db4b500 00000001301d35b8
0x00007ffee636aa60:   00000001301d35b8 0000000138dc5118
0x00007ffee636aa70:   000000012fe00000 0000000000000000
0x00007ffee636aa80:   00007ffee636ab40 000000012d0e7e7a
0x00007ffee636aa90:   0000000293970000 0000000138dc5118
0x00007ffee636aaa0:   00007ffee636aad0 00007fae93970000
0x00007ffee636aab0:   0000000138dc5118 000000012c9d3010
0x00007ffee636aac0:   0000000000000000 00007fae93970000
0x00007ffee636aad0:   00007ffee636ab40 000000010ae6a956
0x00007ffee636aae0:   000000009c352659 0000000138dc5118
0x00007ffee636aaf0:   0000000000000000 00007ffee636ab90
0x00007ffee636ab00:   0000000000000000 0000000000000000
0x00007ffee636ab10:   000000012fe00000 00000001301d35b8
0x00007ffee636ab20:   0000000000000000 0000000138dc5118
0x00007ffee636ab30:   ffffffffffffc000 000000012fe00000
0x00007ffee636ab40:   00007ffee636ab70 000000012d0e86ec
0x00007ffee636ab50:   0000000000000002 0000000138dc5118
0x00007ffee636ab60:   00007fae939701f8 00000001301d35b8
0x00007ffee636ab70:   00007ffee636abc0 000000012c9d3075
0x00007ffee636ab80:   00007fae93970000 0000000000000000
0x00007ffee636ab90:   00000001301d35b8 0000000000000000
0x00007ffee636aba0:   0000000138dc5118 0000000138dc5118
0x00007ffee636abb0:   00007ffee636ac60 00007fae93970000
0x00007ffee636abc0:   00007ffee636ac30 0000000110ce7a88
0x00007ffee636abd0:   00007ffee636ac30 0000000110ce74f9 

Instructions: (pc=0x000000012bf63d33)
0x000000012bf63d13:   00 00 00 00 48 c7 45 a8 00 00 00 00 c6 45 b8 01
0x000000012bf63d23:   c6 45 b9 00 c6 45 ba 00 c6 45 bb 00 c6 45 d0 00
0x000000012bf63d33:   f6 47 06 08 0f 85 be 02 00 00 48 c7 c0 00 c0 ff
0x000000012bf63d43:   ff 48 23 46 18 48 89 b5 70 ff ff ff 4c 8b a8 98 

Register to memory mapping:

RAX=0x000000012fdf5000 is an unknown value
RBX=0x00000001301d35b8 is an unknown value
RCX=0x00000001301d3570 is an unknown value
RDX=0x000000012fbca0f0 is an unknown value
RSP=0x00007ffee636a9e0 is pointing into the stack for thread: 0x00007fae93970000
RBP=0x00007ffee636aa80 is pointing into the stack for thread: 0x00007fae93970000
RSI=0x00000001301d35b8 is an unknown value
RDI=0x0000000000000000 is an unknown value
R8 =0x000000012fb7f700 is an unknown value
R9 =0x0000000000000007 is an unknown value
R10=0x0000000000000001 is an unknown value
R11=0x000000012fb7f700 is an unknown value
R12=0x000000012fbca0f0 is an unknown value
R13={method} {0x0000000138dc5118} 'toStringImpl' '(JI)Ljava/lang/String;' in 'com/sun/webkit/dom/JSObject'
R14=0x000000012fe00000 is an unknown value
R15=0x0000000000000000 is an unknown value


Stack: [0x00007ffee5b74000,0x00007ffee6374000],  sp=0x00007ffee636a9e0,  free space=8154k
Native frames: (J=compiled Java code, j=interpreted, Vv=VM code, C=native code)
C  [libjfxwebkit.dylib+0x8cd33]  JSC::JSObject::get(JSC::ExecState*, JSC::PropertyName) const+0x43
C  [libjfxwebkit.dylib+0x1210e7a]  JSC::JSObject::toPrimitive(JSC::ExecState*, JSC::PreferredPrimitiveType) const+0x4a
C  [libjfxwebkit.dylib+0x12116ec]  JSC::JSObject::toString(JSC::ExecState*) const+0x2c
C  [libjfxwebkit.dylib+0xafc075]  Java_com_sun_webkit_dom_JSObject_toStringImpl+0x65
j  com.sun.webkit.dom.JSObject.toStringImpl(JI)Ljava/lang/String;+0
j  com.sun.webkit.dom.JSObject.toString()Ljava/lang/String;+14
v  ~StubRoutines::call_stub
V  [libjvm.dylib+0x2ef9aa]  JavaCalls::call_helper(JavaValue*, methodHandle*, JavaCallArguments*, Thread*)+0x6ae
V  [libjvm.dylib+0x326bd8]  jni_invoke_nonstatic(JNIEnv_*, JavaValue*, _jobject*, JNICallType, _jmethodID*, JNI_ArgumentPusher*, Thread*)+0x2ec
V  [libjvm.dylib+0x316f24]  jni_CallObjectMethodA+0xe4
C  [libjdwp.dylib+0x17db2]  invoker_doInvoke+0xc1a
C  [libjdwp.dylib+0x14024]  reportEvents+0x21b
C  [libjdwp.dylib+0x14381]  event_callback+0x342
C  [libjdwp.dylib+0x11941]  cbSingleStep+0xee
V  [libjvm.dylib+0x39673d]  JvmtiExport::post_single_step(JavaThread*, Method*, unsigned char*)+0xe1
V  [libjvm.dylib+0x3980f4]  JvmtiExport::at_single_stepping_point(JavaThread*, Method*, unsigned char*)+0xf6
V  [libjvm.dylib+0x2e8d47]  InterpreterRuntime::at_safepoint(JavaThread*)+0x4d
j  netscape.javascript.JSObject.<init>()V+1
j  com.sun.webkit.dom.JSObject.<init>(JI)V+1
v  ~StubRoutines::call_stub
V  [libjvm.dylib+0x2ef9aa]  JavaCalls::call_helper(JavaValue*, methodHandle*, JavaCallArguments*, Thread*)+0x6ae
V  [libjvm.dylib+0x326bd8]  jni_invoke_nonstatic(JNIEnv_*, JavaValue*, _jobject*, JNICallType, _jmethodID*, JNI_ArgumentPusher*, Thread*)+0x2ec
V  [libjvm.dylib+0x316721]  jni_NewObjectV+0x123
C  [libjfxwebkit.dylib+0xafcd8a]  JNIEnv_::NewObject(_jclass*, _jmethodID*, ...)+0x8a
C  [libjfxwebkit.dylib+0xb04fba]  JSC::Bindings::convertValueToJValue(JSC::ExecState*, JSC::Bindings::RootObject*, JSC::JSValue, JSC::Bindings::JavaType, char const*)+0x30a
C  [libjfxwebkit.dylib+0xafb851]  WebCore::throwJavaException(JNIEnv_*, OpaqueJSContext const*, OpaqueJSValue const*, JSC::Bindings::RootObject*)+0x131
C  [libjfxwebkit.dylib+0xafb59d]  WebCore::executeScript(JNIEnv_*, OpaqueJSValue*, OpaqueJSContext const*, JSC::Bindings::RootObject*, _jstring*)+0xbd
C  [libjfxwebkit.dylib+0xb25556]  Java_com_sun_webkit_WebPage_twkExecuteScript+0x56
j  com.sun.webkit.WebPage.twkExecuteScript(JLjava/lang/String;)Ljava/lang/Object;+0
j  com.sun.webkit.WebPage.executeScript(JLjava/lang/String;)Ljava/lang/Object;+107
j  javafx.scene.web.WebEngine.executeScript(Ljava/lang/String;)Ljava/lang/Object;+19
j  mainhotelapp.ReservationSummaryFragment$1.handle(Ljavafx/scene/web/WebEvent;)V+51
j  mainhotelapp.ReservationSummaryFragment$1.handle(Ljavafx/event/Event;)V+5
j  com.sun.javafx.webkit.UIClientImpl.lambda$dispatchWebEvent$57(Ljavafx/event/EventHandler;Ljavafx/scene/web/WebEvent;)Ljava/lang/Void;+2
j  com.sun.javafx.webkit.UIClientImpl$$Lambda$481.run()Ljava/lang/Object;+8
v  ~StubRoutines::call_stub
V  [libjvm.dylib+0x2ef9aa]  JavaCalls::call_helper(JavaValue*, methodHandle*, JavaCallArguments*, Thread*)+0x6ae
V  [libjvm.dylib+0x35019c]  JVM_DoPrivileged+0x4b8
J 2331  java.security.AccessController.doPrivileged(Ljava/security/PrivilegedAction;Ljava/security/AccessControlContext;)Ljava/lang/Object; (0 bytes) @ 0x00000001114a01d5 [0x00000001114a0100+0xd5]
j  com.sun.javafx.webkit.UIClientImpl.dispatchWebEvent(Ljavafx/event/EventHandler;Ljavafx/scene/web/WebEvent;)V+11
j  com.sun.javafx.webkit.UIClientImpl.setStatusbarText(Ljava/lang/String;)V+33
j  com.sun.webkit.WebPage.fwkSetStatusbarText(Ljava/lang/String;)V+41
v  ~StubRoutines::call_stub
V  [libjvm.dylib+0x2ef9aa]  JavaCalls::call_helper(JavaValue*, methodHandle*, JavaCallArguments*, Thread*)+0x6ae
V  [libjvm.dylib+0x326bd8]  jni_invoke_nonstatic(JNIEnv_*, JavaValue*, _jobject*, JNICallType, _jmethodID*, JNI_ArgumentPusher*, Thread*)+0x2ec
V  [libjvm.dylib+0x319505]  jni_CallVoidMethodV+0xf8
C  [libjfxwebkit.dylib+0xb0748a]  JNIEnv_::CallVoidMethod(_jobject*, _jmethodID*, ...)+0x8a
C  [libjfxwebkit.dylib+0xb4057b]  WebCore::ChromeClientJava::setStatusbarText(WTF::String const&)+0x6b
C  [libjfxwebkit.dylib+0x5c6a8d]  WebCore::Chrome::setStatusbarText(WebCore::Frame&, WTF::String const&)+0x2d
C  [libjfxwebkit.dylib+0x549108]  WebCore::FrameLoader::didOpenURL()+0x88
C  [libjfxwebkit.dylib+0x5519f9]  WebCore::FrameLoader::commitProvisionalLoad()+0x399
C  [libjfxwebkit.dylib+0x53436f]  WebCore::DocumentLoader::commitLoad(char const*, int)+0x4f
C  [libjfxwebkit.dylib+0x5a3832]  WebCore::CachedRawResource::notifyClientsDataWasReceived(char const*, unsigned int)+0x62
C  [libjfxwebkit.dylib+0x5a3738]  WebCore::CachedRawResource::addDataBuffer(WebCore::SharedBuffer&)+0xa8
C  [libjfxwebkit.dylib+0x57c942]  WebCore::SubresourceLoader::didReceiveDataOrBuffer(char const*, int, WTF::RefPtr<WebCore::SharedBuffer>&&, long long, WebCore::DataPayloadType)+0xd2
C  [libjfxwebkit.dylib+0x57c862]  WebCore::SubresourceLoader::didReceiveData(char const*, unsigned int, long long, WebCore::DataPayloadType)+0x22
j  com.sun.webkit.network.URLLoader.twkDidReceiveData(Ljava/nio/ByteBuffer;IIJ)V+0
j  com.sun.webkit.network.URLLoader.notifyDidReceiveData(Ljava/nio/ByteBuffer;II)V+65
j  com.sun.webkit.network.URLLoader.lambda$didReceiveData$102(Ljava/nio/ByteBuffer;Lcom/sun/webkit/network/ByteBufferAllocator;)V+17
j  com.sun.webkit.network.URLLoader$$Lambda$478.run()V+12
J 4578 C1 com.sun.javafx.application.PlatformImpl$$Lambda$51.run()Ljava/lang/Object; (8 bytes) @ 0x0000000111bc109c [0x0000000111bc0f40+0x15c]
v  ~StubRoutines::call_stub
V  [libjvm.dylib+0x2ef9aa]  JavaCalls::call_helper(JavaValue*, methodHandle*, JavaCallArguments*, Thread*)+0x6ae
V  [libjvm.dylib+0x35019c]  JVM_DoPrivileged+0x4b8
J 2331  java.security.AccessController.doPrivileged(Ljava/security/PrivilegedAction;Ljava/security/AccessControlContext;)Ljava/lang/Object; (0 bytes) @ 0x00000001114a01d5 [0x00000001114a0100+0xd5]
J 4579 C1 com.sun.javafx.application.PlatformImpl.lambda$runLater$173(Ljava/lang/Runnable;Ljava/security/AccessControlContext;)V (38 bytes) @ 0x0000000111bc2244 [0x0000000111bc1ec0+0x384]
J 4339 C1 com.sun.javafx.application.PlatformImpl$$Lambda$50.run()V (12 bytes) @ 0x0000000111aa5bd4 [0x0000000111aa5b40+0x94]
J 4088 C1 com.sun.glass.ui.InvokeLaterDispatcher$Future.run()V (91 bytes) @ 0x00000001119c1b34 [0x00000001119c1a20+0x114]
v  ~StubRoutines::call_stub
V  [libjvm.dylib+0x2ef9aa]  JavaCalls::call_helper(JavaValue*, methodHandle*, JavaCallArguments*, Thread*)+0x6ae
V  [libjvm.dylib+0x326bd8]  jni_invoke_nonstatic(JNIEnv_*, JavaValue*, _jobject*, JNICallType, _jmethodID*, JNI_ArgumentPusher*, Thread*)+0x2ec
V  [libjvm.dylib+0x3193bb]  jni_CallVoidMethod+0x16b
C  [libglass.dylib+0x52db]  -[GlassRunnable run]+0x6b
C  [Foundation+0x681c5]  __NSThreadPerformPerform+0x14e
C  [CoreFoundation+0xa3721]  __CFRUNLOOP_IS_CALLING_OUT_TO_A_SOURCE0_PERFORM_FUNCTION__+0x11
C  [CoreFoundation+0x15d0ac]  __CFRunLoopDoSource0+0x6c
C  [CoreFoundation+0x86260]  __CFRunLoopDoSources0+0xd0
C  [CoreFoundation+0x856dd]  __CFRunLoopRun+0x50d
C  [CoreFoundation+0x84f43]  CFRunLoopRunSpecific+0x1e3
C  [HIToolbox+0x2fe26]  RunCurrentEventLoopInMode+0x11e
C  [HIToolbox+0x2fa9f]  ReceiveNextEventCommon+0x16e
C  [HIToolbox+0x2f914]  _BlockUntilNextEventMatchingListInModeWithFilter+0x40
C  [AppKit+0x41f5f]  _DPSNextEvent+0x825
C  [AppKit+0x7d7b4c]  -[NSApplication(NSEvent) _nextEventMatchingEventMask:untilDate:inMode:dequeue:]+0xbe4
C  [AppKit+0x36d6d]  -[NSApplication run]+0x2fc
C  [libglass.dylib+0x728c]  -[GlassApplication runLoop:]+0x72c
C  [Foundation+0x681c5]  __NSThreadPerformPerform+0x14e
C  [CoreFoundation+0xa3721]  __CFRUNLOOP_IS_CALLING_OUT_TO_A_SOURCE0_PERFORM_FUNCTION__+0x11
C  [CoreFoundation+0x15d0ac]  __CFRunLoopDoSource0+0x6c
C  [CoreFoundation+0x86260]  __CFRunLoopDoSources0+0xd0
C  [CoreFoundation+0x856dd]  __CFRunLoopRun+0x50d
C  [CoreFoundation+0x84f43]  CFRunLoopRunSpecific+0x1e3
C  [java+0x647a]  CreateExecutionEnvironment+0x367
C  [java+0x212c]  JLI_Launch+0x7a0
C  [java+0x84d7]  main+0x65
C  [java+0x1984]  start+0x34
C  0x0000000000000007

Java frames: (J=compiled Java code, j=interpreted, Vv=VM code)
j  com.sun.webkit.dom.JSObject.toStringImpl(JI)Ljava/lang/String;+0
j  com.sun.webkit.dom.JSObject.toString()Ljava/lang/String;+14
v  ~StubRoutines::call_stub
j  netscape.javascript.JSObject.<init>()V+1
j  com.sun.webkit.dom.JSObject.<init>(JI)V+1
v  ~StubRoutines::call_stub
j  com.sun.webkit.WebPage.twkExecuteScript(JLjava/lang/String;)Ljava/lang/Object;+0
j  com.sun.webkit.WebPage.executeScript(JLjava/lang/String;)Ljava/lang/Object;+107
j  javafx.scene.web.WebEngine.executeScript(Ljava/lang/String;)Ljava/lang/Object;+19
j  mainhotelapp.ReservationSummaryFragment$1.handle(Ljavafx/scene/web/WebEvent;)V+51
j  mainhotelapp.ReservationSummaryFragment$1.handle(Ljavafx/event/Event;)V+5
j  com.sun.javafx.webkit.UIClientImpl.lambda$dispatchWebEvent$57(Ljavafx/event/EventHandler;Ljavafx/scene/web/WebEvent;)Ljava/lang/Void;+2
j  com.sun.javafx.webkit.UIClientImpl$$Lambda$481.run()Ljava/lang/Object;+8
v  ~StubRoutines::call_stub
J 2331  java.security.AccessController.doPrivileged(Ljava/security/PrivilegedAction;Ljava/security/AccessControlContext;)Ljava/lang/Object; (0 bytes) @ 0x00000001114a0163 [0x00000001114a0100+0x63]
j  com.sun.javafx.webkit.UIClientImpl.dispatchWebEvent(Ljavafx/event/EventHandler;Ljavafx/scene/web/WebEvent;)V+11
j  com.sun.javafx.webkit.UIClientImpl.setStatusbarText(Ljava/lang/String;)V+33
j  com.sun.webkit.WebPage.fwkSetStatusbarText(Ljava/lang/String;)V+41
v  ~StubRoutines::call_stub
j  com.sun.webkit.network.URLLoader.twkDidReceiveData(Ljava/nio/ByteBuffer;IIJ)V+0
j  com.sun.webkit.network.URLLoader.notifyDidReceiveData(Ljava/nio/ByteBuffer;II)V+65
j  com.sun.webkit.network.URLLoader.lambda$didReceiveData$102(Ljava/nio/ByteBuffer;Lcom/sun/webkit/network/ByteBufferAllocator;)V+17
j  com.sun.webkit.network.URLLoader$$Lambda$478.run()V+12
J 4578 C1 com.sun.javafx.application.PlatformImpl$$Lambda$51.run()Ljava/lang/Object; (8 bytes) @ 0x0000000111bc109c [0x0000000111bc0f40+0x15c]
v  ~StubRoutines::call_stub
J 2331  java.security.AccessController.doPrivileged(Ljava/security/PrivilegedAction;Ljava/security/AccessControlContext;)Ljava/lang/Object; (0 bytes) @ 0x00000001114a0163 [0x00000001114a0100+0x63]
J 4579 C1 com.sun.javafx.application.PlatformImpl.lambda$runLater$173(Ljava/lang/Runnable;Ljava/security/AccessControlContext;)V (38 bytes) @ 0x0000000111bc2244 [0x0000000111bc1ec0+0x384]
J 4339 C1 com.sun.javafx.application.PlatformImpl$$Lambda$50.run()V (12 bytes) @ 0x0000000111aa5bd4 [0x0000000111aa5b40+0x94]
J 4088 C1 com.sun.glass.ui.InvokeLaterDispatcher$Future.run()V (91 bytes) @ 0x00000001119c1b34 [0x00000001119c1a20+0x114]
v  ~StubRoutines::call_stub

---------------  P R O C E S S  ---------------

Java Threads: ( => current thread )
  0x00007fae94ad6000 JavaThread "process reaper" daemon [_thread_blocked, id=79875, stack(0x000070000d6ce000,0x000070000d6f6000)]
  0x00007fae91936000 JavaThread "Disposer" daemon [_thread_blocked, id=52495, stack(0x000070000d5cb000,0x000070000d6cb000)]
  0x00007fae93380000 JavaThread "Prism Font Disposer" daemon [_thread_blocked, id=80131, stack(0x000070000d4c8000,0x000070000d5c8000)]
  0x00007fae918b8000 JavaThread "Thread-4" daemon [_thread_in_native, id=44803, stack(0x000070000d2bc000,0x000070000d33c000)]
=>0x00007fae93970000 JavaThread "JavaFX Application Thread" [_thread_in_native, id=775, stack(0x00007ffee5b74000,0x00007ffee6374000)]
  0x00007fae9205e800 JavaThread "Thread-2" daemon [_thread_blocked, id=38403, stack(0x000070000d1b9000,0x000070000d2b9000)]
  0x00007fae93950800 JavaThread "QuantumRenderer-0" daemon [_thread_blocked, id=42243, stack(0x000070000d0b6000,0x000070000d1b6000)]
  0x00007fae9582e800 JavaThread "JavaFX-Launcher" [_thread_blocked, id=42755, stack(0x000070000cfb3000,0x000070000d0b3000)]
  0x00007fae95006000 JavaThread "Service Thread" daemon [_thread_blocked, id=43011, stack(0x000070000cdad000,0x000070000cead000)]
  0x00007fae94006000 JavaThread "C1 CompilerThread3" daemon [_thread_blocked, id=22019, stack(0x000070000ccaa000,0x000070000cdaa000)]
  0x00007fae94005800 JavaThread "C2 CompilerThread2" daemon [_thread_blocked, id=16899, stack(0x000070000cba7000,0x000070000cca7000)]
  0x00007fae94004800 JavaThread "C2 CompilerThread1" daemon [_thread_blocked, id=16643, stack(0x000070000caa4000,0x000070000cba4000)]
  0x00007fae94002000 JavaThread "C2 CompilerThread0" daemon [_thread_blocked, id=16387, stack(0x000070000c9a1000,0x000070000caa1000)]
  0x00007fae94004000 JavaThread "JDWP Command Reader" daemon [_thread_in_native, id=16131, stack(0x000070000c89e000,0x000070000c99e000)]
  0x00007fae95813000 JavaThread "JDWP Event Helper Thread" daemon [_thread_blocked, id=17923, stack(0x000070000c79b000,0x000070000c89b000)]
  0x00007fae95812000 JavaThread "JDWP Transport Listener: dt_socket" daemon [_thread_blocked, id=15367, stack(0x000070000c698000,0x000070000c798000)]
  0x00007fae93821800 JavaThread "Signal Dispatcher" daemon [_thread_blocked, id=18443, stack(0x000070000c595000,0x000070000c695000)]
  0x00007fae9181e800 JavaThread "Finalizer" daemon [_thread_blocked, id=19459, stack(0x000070000c492000,0x000070000c592000)]
  0x00007fae9181b800 JavaThread "Reference Handler" daemon [_thread_blocked, id=12803, stack(0x000070000c38f000,0x000070000c48f000)]
  0x00007fae93801800 JavaThread "main" [_thread_blocked, id=9219, stack(0x000070000b971000,0x000070000ba71000)]

Other Threads:
  0x00007fae9181b000 VMThread [stack: 0x000070000c28c000,0x000070000c38c000] [id=20227]
  0x00007fae93825800 WatcherThread [stack: 0x000070000ceb0000,0x000070000cfb0000] [id=22531]

VM state:not at safepoint (normal execution)

VM Mutex/Monitor currently owned by a thread: None

Heap:
 PSYoungGen      total 74752K, used 39428K [0x000000076ab00000, 0x0000000770880000, 0x00000007c0000000)
  eden space 64000K, 61% used [0x000000076ab00000,0x000000076d181048,0x000000076e980000)
  from space 10752K, 0% used [0x000000076eb00000,0x000000076eb00000,0x000000076f580000)
  to   space 15872K, 0% used [0x000000076f900000,0x000000076f900000,0x0000000770880000)
 ParOldGen       total 86528K, used 18996K [0x00000006c0000000, 0x00000006c5480000, 0x000000076ab00000)
  object space 86528K, 21% used [0x00000006c0000000,0x00000006c128d248,0x00000006c5480000)
 Metaspace       used 36078K, capacity 37926K, committed 38272K, reserved 1083392K
  class space    used 4602K, capacity 4952K, committed 4992K, reserved 1048576K

Card table byte_map: [0x000000010bd77000,0x000000010c578000] byte_map_base: 0x0000000108777000

Marking Bits: (ParMarkBitMap*) 0x000000010b2f76c0
 Begin Bits: [0x000000011fcc7000, 0x0000000123cc7000)
 End Bits:   [0x0000000123cc7000, 0x0000000127cc7000)

Polling page: 0x0000000109911000

CodeCache: size=245760Kb used=16153Kb max_used=17552Kb free=229606Kb
 bounds [0x0000000110cc7000, 0x0000000111e37000, 0x000000011fcc7000]
 total_blobs=5526 nmethods=4682 adapters=762
 compilation: enabled

Compilation events (10 events):
Event: 32.626 Thread 0x00007fae94006000 5430       3       java.util.regex.Pattern$LastNode::match (45 bytes)
Event: 32.627 Thread 0x00007fae94006000 nmethod 5430 0x0000000110ffc050 code [0x0000000110ffc1c0, 0x0000000110ffc3f0]
Event: 32.627 Thread 0x00007fae94006000 5431       1       java.util.Formatter::access$000 (5 bytes)
Event: 32.627 Thread 0x00007fae94006000 nmethod 5431 0x0000000110df7110 code [0x0000000110df7260, 0x0000000110df7350]
Event: 35.523 Thread 0x00007fae94006000 5432       3       java.lang.StringBuilder::append (10 bytes)
Event: 35.523 Thread 0x00007fae94006000 nmethod 5432 0x0000000110eb8690 code [0x0000000110eb8800, 0x0000000110eb89a8]
Event: 40.238 Thread 0x00007fae94006000 5433       3       java.lang.String::valueOf (14 bytes)
Event: 40.239 Thread 0x00007fae94006000 nmethod 5433 0x00000001112e5f50 code [0x00000001112e60c0, 0x00000001112e6328]
Event: 44.334 Thread 0x00007fae94006000 5434       3       java.lang.StringBuilder::append (9 bytes)
Event: 44.334 Thread 0x00007fae94006000 nmethod 5434 0x0000000111010f10 code [0x00000001110110a0, 0x0000000111011498]

GC Heap History (10 events):
Event: 6.781 GC heap before
{Heap before GC invocations=3 (full 1):
 PSYoungGen      total 76288K, used 7426K [0x000000076ab00000, 0x0000000770000000, 0x00000007c0000000)
  eden space 65536K, 0% used [0x000000076ab00000,0x000000076ab00000,0x000000076eb00000)
  from space 10752K, 69% used [0x000000076f580000,0x000000076fcc0970,0x0000000770000000)
  to   space 10752K, 0% used [0x000000076eb00000,0x000000076eb00000,0x000000076f580000)
 ParOldGen       total 175104K, used 88K [0x00000006c0000000, 0x00000006cab00000, 0x000000076ab00000)
  object space 175104K, 0% used [0x00000006c0000000,0x00000006c0016010,0x00000006cab00000)
 Metaspace       used 20448K, capacity 21136K, committed 21296K, reserved 1069056K
  class space    used 2468K, capacity 2645K, committed 2688K, reserved 1048576K
Event: 6.802 GC heap after
Heap after GC invocations=3 (full 1):
 PSYoungGen      total 76288K, used 0K [0x000000076ab00000, 0x0000000770000000, 0x00000007c0000000)
  eden space 65536K, 0% used [0x000000076ab00000,0x000000076ab00000,0x000000076eb00000)
  from space 10752K, 0% used [0x000000076f580000,0x000000076f580000,0x0000000770000000)
  to   space 10752K, 0% used [0x000000076eb00000,0x000000076eb00000,0x000000076f580000)
 ParOldGen       total 73216K, used 7237K [0x00000006c0000000, 0x00000006c4780000, 0x000000076ab00000)
  object space 73216K, 9% used [0x00000006c0000000,0x00000006c0711490,0x00000006c4780000)
 Metaspace       used 20448K, capacity 21136K, committed 21296K, reserved 1069056K
  class space    used 2468K, capacity 2645K, committed 2688K, reserved 1048576K
}
Event: 7.790 GC heap before
{Heap before GC invocations=4 (full 1):
 PSYoungGen      total 76288K, used 65536K [0x000000076ab00000, 0x0000000770000000, 0x00000007c0000000)
  eden space 65536K, 100% used [0x000000076ab00000,0x000000076eb00000,0x000000076eb00000)
  from space 10752K, 0% used [0x000000076f580000,0x000000076f580000,0x0000000770000000)
  to   space 10752K, 0% used [0x000000076eb00000,0x000000076eb00000,0x000000076f580000)
 ParOldGen       total 73216K, used 7237K [0x00000006c0000000, 0x00000006c4780000, 0x000000076ab00000)
  object space 73216K, 9% used [0x00000006c0000000,0x00000006c0711490,0x00000006c4780000)
 Metaspace       used 28932K, capacity 30242K, committed 30464K, reserved 1075200K
  class space    used 3748K, capacity 3994K, committed 4096K, reserved 1048576K
Event: 7.794 GC heap after
Heap after GC invocations=4 (full 1):
 PSYoungGen      total 76288K, used 9636K [0x000000076ab00000, 0x0000000770000000, 0x00000007c0000000)
  eden space 65536K, 0% used [0x000000076ab00000,0x000000076ab00000,0x000000076eb00000)
  from space 10752K, 89% used [0x000000076eb00000,0x000000076f4690e8,0x000000076f580000)
  to   space 10752K, 0% used [0x000000076f580000,0x000000076f580000,0x0000000770000000)
 ParOldGen       total 73216K, used 7245K [0x00000006c0000000, 0x00000006c4780000, 0x000000076ab00000)
  object space 73216K, 9% used [0x00000006c0000000,0x00000006c0713490,0x00000006c4780000)
 Metaspace       used 28932K, capacity 30242K, committed 30464K, reserved 1075200K
  class space    used 3748K, capacity 3994K, committed 4096K, reserved 1048576K
}
Event: 17.433 GC heap before
{Heap before GC invocations=5 (full 1):
 PSYoungGen      total 76288K, used 75172K [0x000000076ab00000, 0x0000000770000000, 0x00000007c0000000)
  eden space 65536K, 100% used [0x000000076ab00000,0x000000076eb00000,0x000000076eb00000)
  from space 10752K, 89% used [0x000000076eb00000,0x000000076f4690e8,0x000000076f580000)
  to   space 10752K, 0% used [0x000000076f580000,0x000000076f580000,0x0000000770000000)
 ParOldGen       total 73216K, used 7245K [0x00000006c0000000, 0x00000006c4780000, 0x000000076ab00000)
  object space 73216K, 9% used [0x00000006c0000000,0x00000006c0713490,0x00000006c4780000)
 Metaspace       used 32292K, capacity 34018K, committed 34176K, reserved 1079296K
  class space    used 4096K, capacity 4426K, committed 4480K, reserved 1048576K
Event: 17.441 GC heap after
Heap after GC invocations=5 (full 1):
 PSYoungGen      total 76288K, used 10722K [0x000000076ab00000, 0x0000000770000000, 0x00000007c0000000)
  eden space 65536K, 0% used [0x000000076ab00000,0x000000076ab00000,0x000000076eb00000)
  from space 10752K, 99% used [0x000000076f580000,0x000000076fff8aa0,0x0000000770000000)
  to   space 10752K, 0% used [0x000000076eb00000,0x000000076eb00000,0x000000076f580000)
 ParOldGen       total 73216K, used 10941K [0x00000006c0000000, 0x00000006c4780000, 0x000000076ab00000)
  object space 73216K, 14% used [0x00000006c0000000,0x00000006c0aaf520,0x00000006c4780000)
 Metaspace       used 32292K, capacity 34018K, committed 34176K, reserved 1079296K
  class space    used 4096K, capacity 4426K, committed 4480K, reserved 1048576K
}
Event: 18.588 GC heap before
{Heap before GC invocations=6 (full 1):
 PSYoungGen      total 76288K, used 33232K [0x000000076ab00000, 0x0000000770000000, 0x00000007c0000000)
  eden space 65536K, 34% used [0x000000076ab00000,0x000000076c0fb818,0x000000076eb00000)
  from space 10752K, 99% used [0x000000076f580000,0x000000076fff8aa0,0x0000000770000000)
  to   space 10752K, 0% used [0x000000076eb00000,0x000000076eb00000,0x000000076f580000)
 ParOldGen       total 73216K, used 10941K [0x00000006c0000000, 0x00000006c4780000, 0x000000076ab00000)
  object space 73216K, 14% used [0x00000006c0000000,0x00000006c0aaf520,0x00000006c4780000)
 Metaspace       used 33544K, capacity 35322K, committed 35496K, reserved 1081344K
  class space    used 4254K, capacity 4598K, committed 4608K, reserved 1048576K
Event: 18.597 GC heap after
Heap after GC invocations=6 (full 1):
 PSYoungGen      total 74752K, used 10722K [0x000000076ab00000, 0x0000000770880000, 0x00000007c0000000)
  eden space 64000K, 0% used [0x000000076ab00000,0x000000076ab00000,0x000000076e980000)
  from space 10752K, 99% used [0x000000076eb00000,0x000000076f578aa0,0x000000076f580000)
  to   space 15872K, 0% used [0x000000076f900000,0x000000076f900000,0x0000000770880000)
 ParOldGen       total 73216K, used 13174K [0x00000006c0000000, 0x00000006c4780000, 0x000000076ab00000)
  object space 73216K, 17% used [0x00000006c0000000,0x00000006c0cddbd0,0x00000006c4780000)
 Metaspace       used 33544K, capacity 35322K, committed 35496K, reserved 1081344K
  class space    used 4254K, capacity 4598K, committed 4608K, reserved 1048576K
}
Event: 18.597 GC heap before
{Heap before GC invocations=7 (full 2):
 PSYoungGen      total 74752K, used 10722K [0x000000076ab00000, 0x0000000770880000, 0x00000007c0000000)
  eden space 64000K, 0% used [0x000000076ab00000,0x000000076ab00000,0x000000076e980000)
  from space 10752K, 99% used [0x000000076eb00000,0x000000076f578aa0,0x000000076f580000)
  to   space 15872K, 0% used [0x000000076f900000,0x000000076f900000,0x0000000770880000)
 ParOldGen       total 73216K, used 13174K [0x00000006c0000000, 0x00000006c4780000, 0x000000076ab00000)
  object space 73216K, 17% used [0x00000006c0000000,0x00000006c0cddbd0,0x00000006c4780000)
 Metaspace       used 33544K, capacity 35322K, committed 35496K, reserved 1081344K
  class space    used 4254K, capacity 4598K, committed 4608K, reserved 1048576K
Event: 18.653 GC heap after
Heap after GC invocations=7 (full 2):
 PSYoungGen      total 74752K, used 0K [0x000000076ab00000, 0x0000000770880000, 0x00000007c0000000)
  eden space 64000K, 0% used [0x000000076ab00000,0x000000076ab00000,0x000000076e980000)
  from space 10752K, 0% used [0x000000076eb00000,0x000000076eb00000,0x000000076f580000)
  to   space 15872K, 0% used [0x000000076f900000,0x000000076f900000,0x0000000770880000)
 ParOldGen       total 86528K, used 18996K [0x00000006c0000000, 0x00000006c5480000, 0x000000076ab00000)
  object space 86528K, 21% used [0x00000006c0000000,0x00000006c128d248,0x00000006c5480000)
 Metaspace       used 33544K, capacity 35322K, committed 35496K, reserved 1081344K
  class space    used 4254K, capacity 4598K, committed 4608K, reserved 1048576K
}

Deoptimization events (10 events):
Event: 18.817 Thread 0x00007fae93970000 Uncommon trap: reason=class_check action=maybe_recompile pc=0x0000000111638c50 method=kotlin.reflect.jvm.internal.impl.protobuf.CodedInputStream.tryRefillBuffer(I)Z @ 175
Event: 18.817 Thread 0x00007fae93970000 Uncommon trap: reason=class_check action=maybe_recompile pc=0x0000000111638c50 method=kotlin.reflect.jvm.internal.impl.protobuf.CodedInputStream.tryRefillBuffer(I)Z @ 175
Event: 18.817 Thread 0x00007fae93970000 Uncommon trap: reason=class_check action=maybe_recompile pc=0x0000000111638c50 method=kotlin.reflect.jvm.internal.impl.protobuf.CodedInputStream.tryRefillBuffer(I)Z @ 175
Event: 18.817 Thread 0x00007fae93970000 Uncommon trap: reason=class_check action=maybe_recompile pc=0x0000000111638c50 method=kotlin.reflect.jvm.internal.impl.protobuf.CodedInputStream.tryRefillBuffer(I)Z @ 175
Event: 25.027 Thread 0x00007fae93950800 Uncommon trap: reason=unstable_if action=reinterpret pc=0x000000011192e134 method=com.sun.prism.es2.ES2Texture.updateFilterState()V @ 24
Event: 25.027 Thread 0x00007fae93950800 Uncommon trap: reason=unstable_if action=reinterpret pc=0x00000001114c466c method=com.sun.javafx.font.PrismFontStrike.getQuantizedPosition(Lcom/sun/javafx/geom/Point2D;)I @ 4
Event: 25.027 Thread 0x00007fae93950800 Uncommon trap: reason=unstable_if action=reinterpret pc=0x000000011114dbe8 method=com.sun.javafx.font.PrismFontStrike.getQuantizedPosition(Lcom/sun/javafx/geom/Point2D;)I @ 4
Event: 25.028 Thread 0x00007fae93950800 Uncommon trap: reason=unstable_if action=reinterpret pc=0x0000000111d4cbe0 method=com.sun.javafx.font.PrismFontStrike.getQuantizedPosition(Lcom/sun/javafx/geom/Point2D;)I @ 4
Event: 27.497 Thread 0x00007fae93970000 Uncommon trap: reason=unstable_if action=reinterpret pc=0x00000001113d4dfc method=kotlin.reflect.jvm.internal.impl.protobuf.CodedInputStream.readRawVarint32()I @ 69
Event: 27.498 Thread 0x00007fae93970000 Uncommon trap: reason=unstable_if action=reinterpret pc=0x0000000110ed1ab8 method=kotlin.reflect.jvm.internal.impl.protobuf.CodedInputStream.readRawVarint32()I @ 69

Classes redefined (0 events):
No events

Internal exceptions (10 events):
Event: 12.689 Thread 0x00007fae93970000 Implicit null exception at 0x00000001118c2ba6 to 0x00000001118c39b5
Event: 13.702 Thread 0x00007fae93970000 Implicit null exception at 0x0000000111947ef1 to 0x0000000111948911
Event: 14.591 Thread 0x00007fae93970000 Exception <a 'java/lang/NoSuchMethodError': <clinit>> (0x000000076d483040) thrown at [/Users/java_re/workspace/8-2-build-macosx-x86_64/jdk8u161/10277/hotspot/src/share/vm/prims/jni.cpp, line 1613]
Event: 14.753 Thread 0x00007fae93950800 Implicit null exception at 0x0000000111bdc28a to 0x0000000111bdde5d
Event: 14.758 Thread 0x00007fae93950800 Implicit null exception at 0x0000000111bd84ef to 0x0000000111bd8719
Event: 17.430 Thread 0x00007fae93970000 Exception <a 'java/io/FileNotFoundException'> (0x000000076eaba3d8) thrown at [/Users/java_re/workspace/8-2-build-macosx-x86_64/jdk8u161/10277/hotspot/src/share/vm/prims/jni.cpp, line 709]
Event: 17.466 Thread 0x00007fae93970000 Implicit null exception at 0x00000001118d0292 to 0x00000001118d0311
Event: 18.057 Thread 0x00007fae93970000 Exception <a 'sun/nio/fs/UnixException'> (0x000000076b4672f0) thrown at [/Users/java_re/workspace/8-2-build-macosx-x86_64/jdk8u161/10277/hotspot/src/share/vm/prims/jni.cpp, line 709]
Event: 18.058 Thread 0x00007fae93970000 Exception <a 'sun/nio/fs/UnixException'> (0x000000076b468738) thrown at [/Users/java_re/workspace/8-2-build-macosx-x86_64/jdk8u161/10277/hotspot/src/share/vm/prims/jni.cpp, line 709]
Event: 32.451 Thread 0x00007fae93970000 Exception <a 'sun/nio/fs/UnixException'> (0x000000076d0db0a0) thrown at [/Users/java_re/workspace/8-2-build-macosx-x86_64/jdk8u161/10277/hotspot/src/share/vm/prims/jni.cpp, line 709]

Events (10 events):
Event: 46.357 Executing VM operation: GetOrSetLocal
Event: 46.357 Executing VM operation: GetOrSetLocal done
Event: 46.358 Executing VM operation: GetOrSetLocal
Event: 46.358 Executing VM operation: GetOrSetLocal done
Event: 46.358 Executing VM operation: GetOrSetLocal
Event: 46.359 Executing VM operation: GetOrSetLocal done
Event: 46.359 Executing VM operation: GetOrSetLocal
Event: 46.360 Executing VM operation: GetOrSetLocal done
Event: 46.360 Executing VM operation: GetOrSetLocal
Event: 46.361 Executing VM operation: GetOrSetLocal done


Dynamic libraries:
0x00000000091af000 	/System/Library/Frameworks/Cocoa.framework/Versions/A/Cocoa
0x00000000091af000 	/System/Library/Frameworks/Security.framework/Versions/A/Security
0x00000000091af000 	/System/Library/Frameworks/ApplicationServices.framework/Versions/A/ApplicationServices
0x00000000091af000 	/usr/lib/libz.1.dylib
0x00000000091af000 	/usr/lib/libSystem.B.dylib
0x00000000091af000 	/usr/lib/libobjc.A.dylib
0x00000000091af000 	/System/Library/Frameworks/CoreFoundation.framework/Versions/A/CoreFoundation
0x00000000091af000 	/System/Library/Frameworks/Foundation.framework/Versions/C/Foundation
0x00000000091af000 	/System/Library/Frameworks/AppKit.framework/Versions/C/AppKit
0x00000000091af000 	/System/Library/Frameworks/CoreData.framework/Versions/A/CoreData
0x00000000091af000 	/System/Library/PrivateFrameworks/RemoteViewServices.framework/Versions/A/RemoteViewServices
0x00000000091af000 	/System/Library/PrivateFrameworks/UIFoundation.framework/Versions/A/UIFoundation
0x00000000091af000 	/System/Library/PrivateFrameworks/DFRFoundation.framework/Versions/A/DFRFoundation
0x00000000091af000 	/System/Library/Frameworks/Metal.framework/Versions/A/Metal
0x00000000091af000 	/System/Library/PrivateFrameworks/DesktopServicesPriv.framework/Versions/A/DesktopServicesPriv
0x00000000091af000 	/usr/lib/libenergytrace.dylib
0x00000000091af000 	/System/Library/PrivateFrameworks/SkyLight.framework/Versions/A/SkyLight
0x00000000091af000 	/System/Library/Frameworks/CoreGraphics.framework/Versions/A/CoreGraphics
0x00000000091af000 	/usr/lib/libScreenReader.dylib
0x00000000091af000 	/System/Library/Frameworks/Accelerate.framework/Versions/A/Accelerate
0x00000000091af000 	/System/Library/Frameworks/IOSurface.framework/Versions/A/IOSurface
0x00000000091af000 	/System/Library/Frameworks/AudioToolbox.framework/Versions/A/AudioToolbox
0x00000000091af000 	/System/Library/Frameworks/AudioUnit.framework/Versions/A/AudioUnit
0x00000000091af000 	/System/Library/PrivateFrameworks/DataDetectorsCore.framework/Versions/A/DataDetectorsCore
0x00000000091af000 	/System/Library/Frameworks/Carbon.framework/Versions/A/Frameworks/HIToolbox.framework/Versions/A/HIToolbox
0x00000000091af000 	/usr/lib/libicucore.A.dylib
0x00000000091af000 	/System/Library/Frameworks/QuartzCore.framework/Versions/A/QuartzCore
0x00000000091af000 	/System/Library/Frameworks/Carbon.framework/Versions/A/Frameworks/SpeechRecognition.framework/Versions/A/SpeechRecognition
0x00000000091af000 	/usr/lib/libauto.dylib
0x00000000091af000 	/usr/lib/libxml2.2.dylib
0x00000000091af000 	/System/Library/PrivateFrameworks/CoreUI.framework/Versions/A/CoreUI
0x00000000091af000 	/System/Library/Frameworks/CoreAudio.framework/Versions/A/CoreAudio
0x00000000091af000 	/System/Library/Frameworks/DiskArbitration.framework/Versions/A/DiskArbitration
0x00000000091af000 	/usr/lib/liblangid.dylib
0x00000000091af000 	/System/Library/PrivateFrameworks/MultitouchSupport.framework/Versions/A/MultitouchSupport
0x00000000091af000 	/System/Library/Frameworks/IOKit.framework/Versions/A/IOKit
0x00000000091af000 	/usr/lib/libDiagnosticMessagesClient.dylib
0x00000000091af000 	/System/Library/Frameworks/CoreServices.framework/Versions/A/CoreServices
0x00000000091af000 	/System/Library/PrivateFrameworks/PerformanceAnalysis.framework/Versions/A/PerformanceAnalysis
0x00000000091af000 	/System/Library/Frameworks/OpenGL.framework/Versions/A/OpenGL
0x00000000091af000 	/System/Library/Frameworks/ColorSync.framework/Versions/A/ColorSync
0x00000000091af000 	/System/Library/Frameworks/CoreImage.framework/Versions/A/CoreImage
0x00000000091af000 	/System/Library/Frameworks/CoreText.framework/Versions/A/CoreText
0x00000000091af000 	/System/Library/Frameworks/ImageIO.framework/Versions/A/ImageIO
0x00000000091af000 	/System/Library/PrivateFrameworks/Backup.framework/Versions/A/Backup
0x00000000091af000 	/usr/lib/libarchive.2.dylib
0x00000000091af000 	/System/Library/Frameworks/CFNetwork.framework/Versions/A/CFNetwork
0x00000000091af000 	/System/Library/Frameworks/SystemConfiguration.framework/Versions/A/SystemConfiguration
0x00000000091af000 	/usr/lib/libCRFSuite.dylib
0x00000000091af000 	/usr/lib/libc++.1.dylib
0x00000000091af000 	/usr/lib/libc++abi.dylib
0x00000000091af000 	/usr/lib/system/libcache.dylib
0x00000000091af000 	/usr/lib/system/libcommonCrypto.dylib
0x00000000091af000 	/usr/lib/system/libcompiler_rt.dylib
0x00000000091af000 	/usr/lib/system/libcopyfile.dylib
0x00000000091af000 	/usr/lib/system/libcorecrypto.dylib
0x00000000091af000 	/usr/lib/system/libdispatch.dylib
0x00000000091af000 	/usr/lib/system/libdyld.dylib
0x00000000091af000 	/usr/lib/system/libkeymgr.dylib
0x00000000091af000 	/usr/lib/system/liblaunch.dylib
0x00000000091af000 	/usr/lib/system/libmacho.dylib
0x00000000091af000 	/usr/lib/system/libquarantine.dylib
0x00000000091af000 	/usr/lib/system/libremovefile.dylib
0x00000000091af000 	/usr/lib/system/libsystem_asl.dylib
0x00000000091af000 	/usr/lib/system/libsystem_blocks.dylib
0x00000000091af000 	/usr/lib/system/libsystem_c.dylib
0x00000000091af000 	/usr/lib/system/libsystem_configuration.dylib
0x00000000091af000 	/usr/lib/system/libsystem_coreservices.dylib
0x00000000091af000 	/usr/lib/system/libsystem_darwin.dylib
0x00000000091af000 	/usr/lib/system/libsystem_dnssd.dylib
0x00000000091af000 	/usr/lib/system/libsystem_info.dylib
0x00000000091af000 	/usr/lib/system/libsystem_m.dylib
0x00000000091af000 	/usr/lib/system/libsystem_malloc.dylib
0x00000000091af000 	/usr/lib/system/libsystem_network.dylib
0x00000000091af000 	/usr/lib/system/libsystem_networkextension.dylib
0x00000000091af000 	/usr/lib/system/libsystem_notify.dylib
0x00000000091af000 	/usr/lib/system/libsystem_sandbox.dylib
0x00000000091af000 	/usr/lib/system/libsystem_secinit.dylib
0x00000000091af000 	/usr/lib/system/libsystem_kernel.dylib
0x00000000091af000 	/usr/lib/system/libsystem_platform.dylib
0x00000000091af000 	/usr/lib/system/libsystem_pthread.dylib
0x00000000091af000 	/usr/lib/system/libsystem_symptoms.dylib
0x00000000091af000 	/usr/lib/system/libsystem_trace.dylib
0x00000000091af000 	/usr/lib/system/libunwind.dylib
0x00000000091af000 	/usr/lib/system/libxpc.dylib
0x00000000091af000 	/usr/lib/closure/libclosured.dylib
0x00000000091af000 	/usr/lib/libbsm.0.dylib
0x00000000091af000 	/usr/lib/system/libkxld.dylib
0x00000000091af000 	/usr/lib/libOpenScriptingUtil.dylib
0x00000000091af000 	/usr/lib/libcoretls.dylib
0x00000000091af000 	/usr/lib/libcoretls_cfhelpers.dylib
0x00000000091af000 	/usr/lib/libpam.2.dylib
0x00000000091af000 	/usr/lib/libsqlite3.dylib
0x00000000091af000 	/usr/lib/libxar.1.dylib
0x00000000091af000 	/usr/lib/libbz2.1.0.dylib
0x00000000091af000 	/usr/lib/liblzma.5.dylib
0x00000000091af000 	/usr/lib/libnetwork.dylib
0x00000000091af000 	/usr/lib/libapple_nghttp2.dylib
0x00000000091af000 	/usr/lib/libpcap.A.dylib
0x00000000091af000 	/usr/lib/libboringssl.dylib
0x00000000091af000 	/usr/lib/libusrtcp.dylib
0x00000000091af000 	/usr/lib/libapple_crypto.dylib
0x00000000091af000 	/System/Library/Frameworks/CoreServices.framework/Versions/A/Frameworks/FSEvents.framework/Versions/A/FSEvents
0x00000000091af000 	/System/Library/Frameworks/CoreServices.framework/Versions/A/Frameworks/CarbonCore.framework/Versions/A/CarbonCore
0x00000000091af000 	/System/Library/Frameworks/CoreServices.framework/Versions/A/Frameworks/Metadata.framework/Versions/A/Metadata
0x00000000091af000 	/System/Library/Frameworks/CoreServices.framework/Versions/A/Frameworks/OSServices.framework/Versions/A/OSServices
0x00000000091af000 	/System/Library/Frameworks/CoreServices.framework/Versions/A/Frameworks/SearchKit.framework/Versions/A/SearchKit
0x00000000091af000 	/System/Library/Frameworks/CoreServices.framework/Versions/A/Frameworks/AE.framework/Versions/A/AE
0x00000000091af000 	/System/Library/Frameworks/CoreServices.framework/Versions/A/Frameworks/LaunchServices.framework/Versions/A/LaunchServices
0x00000000091af000 	/System/Library/Frameworks/CoreServices.framework/Versions/A/Frameworks/DictionaryServices.framework/Versions/A/DictionaryServices
0x00000000091af000 	/System/Library/Frameworks/CoreServices.framework/Versions/A/Frameworks/SharedFileList.framework/Versions/A/SharedFileList
0x00000000091af000 	/System/Library/Frameworks/NetFS.framework/Versions/A/NetFS
0x00000000091af000 	/System/Library/PrivateFrameworks/NetAuth.framework/Versions/A/NetAuth
0x00000000091af000 	/System/Library/PrivateFrameworks/login.framework/Versions/A/Frameworks/loginsupport.framework/Versions/A/loginsupport
0x00000000091af000 	/System/Library/PrivateFrameworks/TCC.framework/Versions/A/TCC
0x00000000091af000 	/usr/lib/libmecabra.dylib
0x00000000091af000 	/System/Library/Frameworks/ApplicationServices.framework/Versions/A/Frameworks/ATS.framework/Versions/A/ATS
0x00000000091af000 	/System/Library/Frameworks/ApplicationServices.framework/Versions/A/Frameworks/ColorSyncLegacy.framework/Versions/A/ColorSyncLegacy
0x00000000091af000 	/System/Library/Frameworks/ApplicationServices.framework/Versions/A/Frameworks/HIServices.framework/Versions/A/HIServices
0x00000000091af000 	/System/Library/Frameworks/ApplicationServices.framework/Versions/A/Frameworks/LangAnalysis.framework/Versions/A/LangAnalysis
0x00000000091af000 	/System/Library/Frameworks/ApplicationServices.framework/Versions/A/Frameworks/PrintCore.framework/Versions/A/PrintCore
0x00000000091af000 	/System/Library/Frameworks/ApplicationServices.framework/Versions/A/Frameworks/QD.framework/Versions/A/QD
0x00000000091af000 	/System/Library/Frameworks/ApplicationServices.framework/Versions/A/Frameworks/SpeechSynthesis.framework/Versions/A/SpeechSynthesis
0x00000000091af000 	/System/Library/Frameworks/CoreDisplay.framework/Versions/A/CoreDisplay
0x00000000091af000 	/System/Library/Frameworks/Accelerate.framework/Versions/A/Frameworks/vImage.framework/Versions/A/vImage
0x00000000091af000 	/System/Library/Frameworks/Accelerate.framework/Versions/A/Frameworks/vecLib.framework/Versions/A/vecLib
0x00000000091af000 	/System/Library/Frameworks/Accelerate.framework/Versions/A/Frameworks/vecLib.framework/Versions/A/libvDSP.dylib
0x00000000091af000 	/System/Library/Frameworks/Accelerate.framework/Versions/A/Frameworks/vecLib.framework/Versions/A/libBNNS.dylib
0x00000000091af000 	/System/Library/Frameworks/Accelerate.framework/Versions/A/Frameworks/vecLib.framework/Versions/A/libQuadrature.dylib
0x00000000091af000 	/System/Library/Frameworks/Accelerate.framework/Versions/A/Frameworks/vecLib.framework/Versions/A/libvMisc.dylib
0x00000000091af000 	/System/Library/Frameworks/Accelerate.framework/Versions/A/Frameworks/vecLib.framework/Versions/A/libLAPACK.dylib
0x00000000091af000 	/System/Library/Frameworks/Accelerate.framework/Versions/A/Frameworks/vecLib.framework/Versions/A/libBLAS.dylib
0x00000000091af000 	/System/Library/Frameworks/Accelerate.framework/Versions/A/Frameworks/vecLib.framework/Versions/A/libLinearAlgebra.dylib
0x00000000091af000 	/System/Library/Frameworks/Accelerate.framework/Versions/A/Frameworks/vecLib.framework/Versions/A/libSparse.dylib
0x00000000091af000 	/System/Library/Frameworks/Accelerate.framework/Versions/A/Frameworks/vecLib.framework/Versions/A/libSparseBLAS.dylib
0x00000000091af000 	/System/Library/PrivateFrameworks/IOAccelerator.framework/Versions/A/IOAccelerator
0x00000000091af000 	/System/Library/PrivateFrameworks/IOPresentment.framework/Versions/A/IOPresentment
0x00000000091af000 	/System/Library/PrivateFrameworks/DSExternalDisplay.framework/Versions/A/DSExternalDisplay
0x00000000091af000 	/System/Library/Frameworks/OpenGL.framework/Versions/A/Libraries/libCoreFSCache.dylib
0x00000000091af000 	/System/Library/Frameworks/CoreVideo.framework/Versions/A/CoreVideo
0x00000000091af000 	/System/Library/PrivateFrameworks/GraphVisualizer.framework/Versions/A/GraphVisualizer
0x00000000091af000 	/System/Library/Frameworks/MetalPerformanceShaders.framework/Versions/A/MetalPerformanceShaders
0x00000000091af000 	/usr/lib/libFosl_dynamic.dylib
0x00000000091af000 	/System/Library/PrivateFrameworks/FaceCore.framework/Versions/A/FaceCore
0x00000000091af000 	/System/Library/Frameworks/OpenCL.framework/Versions/A/OpenCL
0x00000000091af000 	/usr/lib/libcompression.dylib
0x00000000091af000 	/System/Library/Frameworks/ApplicationServices.framework/Versions/A/Frameworks/ATS.framework/Versions/A/Resources/libFontParser.dylib
0x00000000091af000 	/System/Library/Frameworks/ApplicationServices.framework/Versions/A/Frameworks/ATS.framework/Versions/A/Resources/libFontRegistry.dylib
0x00000000091af000 	/System/Library/Frameworks/ImageIO.framework/Versions/A/Resources/libJPEG.dylib
0x00000000091af000 	/System/Library/Frameworks/ImageIO.framework/Versions/A/Resources/libTIFF.dylib
0x00000000091af000 	/System/Library/Frameworks/ImageIO.framework/Versions/A/Resources/libPng.dylib
0x00000000091af000 	/System/Library/Frameworks/ImageIO.framework/Versions/A/Resources/libGIF.dylib
0x00000000091af000 	/System/Library/Frameworks/ImageIO.framework/Versions/A/Resources/libJP2.dylib
0x00000000091af000 	/System/Library/Frameworks/ImageIO.framework/Versions/A/Resources/libRadiance.dylib
0x00000000091af000 	/System/Library/PrivateFrameworks/AppleJPEG.framework/Versions/A/AppleJPEG
0x00000000091af000 	/System/Library/PrivateFrameworks/MetalTools.framework/Versions/A/MetalTools
0x00000000091af000 	/System/Library/Frameworks/MetalPerformanceShaders.framework/Frameworks/MPSCore.framework/Versions/A/MPSCore
0x00000000091af000 	/System/Library/Frameworks/MetalPerformanceShaders.framework/Frameworks/MPSImage.framework/Versions/A/MPSImage
0x00000000091af000 	/System/Library/Frameworks/MetalPerformanceShaders.framework/Frameworks/MPSMatrix.framework/Versions/A/MPSMatrix
0x00000000091af000 	/System/Library/Frameworks/MetalPerformanceShaders.framework/Frameworks/MPSNeuralNetwork.framework/Versions/A/MPSNeuralNetwork
0x00000000091af000 	/System/Library/Frameworks/OpenGL.framework/Versions/A/Libraries/libGLU.dylib
0x00000000091af000 	/System/Library/Frameworks/OpenGL.framework/Versions/A/Libraries/libGFXShared.dylib
0x00000000091af000 	/System/Library/Frameworks/OpenGL.framework/Versions/A/Libraries/libGL.dylib
0x00000000091af000 	/System/Library/Frameworks/OpenGL.framework/Versions/A/Libraries/libGLImage.dylib
0x00000000091af000 	/System/Library/Frameworks/OpenGL.framework/Versions/A/Libraries/libCVMSPluginSupport.dylib
0x00000000091af000 	/System/Library/Frameworks/OpenGL.framework/Versions/A/Libraries/libCoreVMClient.dylib
0x00000000091af000 	/usr/lib/libcups.2.dylib
0x00000000091af000 	/System/Library/Frameworks/Kerberos.framework/Versions/A/Kerberos
0x00000000091af000 	/System/Library/Frameworks/GSS.framework/Versions/A/GSS
0x00000000091af000 	/usr/lib/libresolv.9.dylib
0x00000000091af000 	/usr/lib/libiconv.2.dylib
0x00000000091af000 	/System/Library/PrivateFrameworks/Heimdal.framework/Versions/A/Heimdal
0x00000000091af000 	/usr/lib/libheimdal-asn1.dylib
0x00000000091af000 	/System/Library/Frameworks/OpenDirectory.framework/Versions/A/OpenDirectory
0x00000000091af000 	/System/Library/PrivateFrameworks/CommonAuth.framework/Versions/A/CommonAuth
0x00000000091af000 	/System/Library/Frameworks/OpenDirectory.framework/Versions/A/Frameworks/CFOpenDirectory.framework/Versions/A/CFOpenDirectory
0x00000000091af000 	/System/Library/Frameworks/SecurityFoundation.framework/Versions/A/SecurityFoundation
0x00000000091af000 	/System/Library/PrivateFrameworks/APFS.framework/Versions/A/APFS
0x00000000091af000 	/usr/lib/libutil.dylib
0x00000000091af000 	/System/Library/PrivateFrameworks/AppleSauce.framework/Versions/A/AppleSauce
0x00000000091af000 	/System/Library/PrivateFrameworks/LinguisticData.framework/Versions/A/LinguisticData
0x00000000091af000 	/usr/lib/libmarisa.dylib
0x00000000091af000 	/System/Library/PrivateFrameworks/Lexicon.framework/Versions/A/Lexicon
0x00000000091af000 	/usr/lib/libChineseTokenizer.dylib
0x00000000091af000 	/usr/lib/libcmph.dylib
0x00000000091af000 	/System/Library/PrivateFrameworks/LanguageModeling.framework/Versions/A/LanguageModeling
0x00000000091af000 	/System/Library/PrivateFrameworks/CoreEmoji.framework/Versions/A/CoreEmoji
0x00000000091af000 	/System/Library/Frameworks/ServiceManagement.framework/Versions/A/ServiceManagement
0x00000000091af000 	/System/Library/PrivateFrameworks/BackgroundTaskManagement.framework/Versions/A/BackgroundTaskManagement
0x00000000091af000 	/usr/lib/libxslt.1.dylib
0x00000000091af000 	/System/Library/Frameworks/Carbon.framework/Versions/A/Frameworks/Ink.framework/Versions/A/Ink
0x00000000091af000 	/System/Library/PrivateFrameworks/TextureIO.framework/Versions/A/TextureIO
0x00000000091af000 	/usr/lib/libate.dylib
0x00000000091af000 	/System/Library/PrivateFrameworks/CrashReporterSupport.framework/Versions/A/CrashReporterSupport
0x00000000091af000 	/System/Library/PrivateFrameworks/Sharing.framework/Versions/A/Sharing
0x00000000091af000 	/System/Library/PrivateFrameworks/IconServices.framework/Versions/A/IconServices
0x00000000091af000 	/System/Library/PrivateFrameworks/ProtocolBuffer.framework/Versions/A/ProtocolBuffer
0x00000000091af000 	/System/Library/PrivateFrameworks/Apple80211.framework/Versions/A/Apple80211
0x00000000091af000 	/System/Library/Frameworks/CoreWLAN.framework/Versions/A/CoreWLAN
0x00000000091af000 	/System/Library/PrivateFrameworks/CoreUtils.framework/Versions/A/CoreUtils
0x00000000091af000 	/System/Library/Frameworks/IOBluetooth.framework/Versions/A/IOBluetooth
0x00000000091af000 	/System/Library/PrivateFrameworks/CoreWiFi.framework/Versions/A/CoreWiFi
0x00000000091af000 	/System/Library/Frameworks/CoreBluetooth.framework/Versions/A/CoreBluetooth
0x00000000091af000 	/System/Library/PrivateFrameworks/SignpostNotification.framework/Versions/A/SignpostNotification
0x00000000091af000 	/System/Library/PrivateFrameworks/DebugSymbols.framework/Versions/A/DebugSymbols
0x00000000091af000 	/System/Library/PrivateFrameworks/CoreSymbolication.framework/Versions/A/CoreSymbolication
0x00000000091af000 	/System/Library/PrivateFrameworks/Symbolication.framework/Versions/A/Symbolication
0x00000000091af000 	/System/Library/PrivateFrameworks/AppleFSCompression.framework/Versions/A/AppleFSCompression
0x00000000091af000 	/System/Library/PrivateFrameworks/SpeechRecognitionCore.framework/Versions/A/SpeechRecognitionCore
0x000000010aa00000 	/Library/Java/JavaVirtualMachines/jdk1.8.0_161.jdk/Contents/Home/jre/lib/server/libjvm.dylib
0x00000000091af000 	/usr/lib/libstdc++.6.0.9.dylib
0x00000001098cd000 	/Library/Java/JavaVirtualMachines/jdk1.8.0_161.jdk/Contents/Home/jre/lib/libverify.dylib
0x00000001098db000 	/Library/Java/JavaVirtualMachines/jdk1.8.0_161.jdk/Contents/Home/jre/lib/libjava.dylib
0x0000000109912000 	/Library/Java/JavaVirtualMachines/jdk1.8.0_161.jdk/Contents/Home/jre/lib/libjdwp.dylib
0x000000010995d000 	/Library/Java/JavaVirtualMachines/jdk1.8.0_161.jdk/Contents/Home/jre/lib/libnpt.dylib
0x0000000109961000 	/Library/Java/JavaVirtualMachines/jdk1.8.0_161.jdk/Contents/Home/jre/lib/libinstrument.dylib
0x000000010b9ae000 	/Library/Java/JavaVirtualMachines/jdk1.8.0_161.jdk/Contents/Home/jre/lib/libzip.dylib
0x000000010fa88000 	/Library/Java/JavaVirtualMachines/jdk1.8.0_161.jdk/Contents/Home/jre/lib/libdt_socket.dylib
0x000000010fd1f000 	/Library/Java/JavaVirtualMachines/jdk1.8.0_161.jdk/Contents/Home/jre/lib/libprism_es2.dylib
0x00000000091af000 	/System/Library/PrivateFrameworks/CoreServicesInternal.framework/Versions/A/CoreServicesInternal
0x00000000091af000 	/System/Library/Frameworks/OpenGL.framework/Versions/A/Resources/GLEngine.bundle/GLEngine
0x00000000091af000 	/System/Library/Frameworks/OpenGL.framework/Versions/A/Libraries/libGLProgrammability.dylib
0x000000010fdc9000 	/System/Library/Extensions/AppleIntelHD5000GraphicsGLDriver.bundle/Contents/MacOS/AppleIntelHD5000GraphicsGLDriver
0x00000000091af000 	/System/Library/PrivateFrameworks/GPUSupport.framework/Versions/A/Libraries/libGPUSupportMercury.dylib
0x0000000110533000 	/System/Library/Extensions/AMDRadeonX4000GLDriver.bundle/Contents/MacOS/AMDRadeonX4000GLDriver
0x00000000091af000 	/System/Library/Extensions/AMDRadeonX4000GLDriver.bundle/Contents/MacOS/ATIRadeonX4000SCLib.dylib
0x00000000091af000 	/System/Library/Frameworks/OpenGL.framework/Versions/A/Resources/GLRendererFloat.bundle/GLRendererFloat
0x00000000091af000 	/System/Library/Frameworks/OpenCL.framework/Versions/A/Libraries/libcldcpuengine.dylib
0x00000000091af000 	/usr/lib/libcrypto.35.dylib
0x00000000091af000 	/System/Library/PrivateFrameworks/TrustEvaluationAgent.framework/Versions/A/TrustEvaluationAgent
0x000000011069b000 	/Library/Java/JavaVirtualMachines/jdk1.8.0_161.jdk/Contents/Home/jre/lib/libglass.dylib
0x00000000091af000 	/System/Library/CoreServices/RawCamera.bundle/Contents/MacOS/RawCamera
0x00000000091af000 	/System/Library/PrivateFrameworks/MobileAsset.framework/Versions/A/MobileAsset
0x00000000091af000 	/System/Library/PrivateFrameworks/StreamingZip.framework/Versions/A/StreamingZip
0x00000000091af000 	/System/Library/Frameworks/MediaToolbox.framework/Versions/A/MediaToolbox
0x00000000091af000 	/System/Library/PrivateFrameworks/CoreAVCHD.framework/Versions/A/CoreAVCHD
0x00000000091af000 	/System/Library/Frameworks/MediaAccessibility.framework/Versions/A/MediaAccessibility
0x00000000091af000 	/System/Library/PrivateFrameworks/Mangrove.framework/Versions/A/Mangrove
0x00000000091af000 	/System/Library/Frameworks/CoreMedia.framework/Versions/A/CoreMedia
0x00000000091af000 	/System/Library/Frameworks/VideoToolbox.framework/Versions/A/VideoToolbox
0x00000000091af000 	/System/Library/PrivateFrameworks/CoreAUC.framework/Versions/A/CoreAUC
0x00000000091af000 	/usr/lib/libspindump.dylib
0x00000000091af000 	/usr/lib/libdscsym.dylib
0x00000000091af000 	/System/Library/PrivateFrameworks/AppleVA.framework/Versions/A/AppleVA
0x00000000091af000 	/System/Library/Frameworks/Accelerate.framework/Versions/A/Frameworks/vImage.framework/Versions/A/Libraries/libCGInterfaces.dylib
0x00000000091af000 	/System/Library/PrivateFrameworks/FamilyControls.framework/Versions/A/FamilyControls
0x00000000091af000 	/System/Library/PrivateFrameworks/CommerceKit.framework/Versions/A/Frameworks/CommerceCore.framework/Versions/A/CommerceCore
0x00000000091af000 	/System/Library/PrivateFrameworks/SystemAdministration.framework/Versions/A/SystemAdministration
0x00000000091af000 	/System/Library/PrivateFrameworks/AppContainer.framework/Versions/A/AppContainer
0x00000000091af000 	/System/Library/PrivateFrameworks/SecCodeWrapper.framework/Versions/A/SecCodeWrapper
0x00000000091af000 	/System/Library/PrivateFrameworks/DiskManagement.framework/Versions/A/DiskManagement
0x00000000091af000 	/System/Library/Frameworks/DirectoryService.framework/Versions/A/DirectoryService
0x00000000091af000 	/System/Library/PrivateFrameworks/DiskImages.framework/Versions/A/DiskImages
0x00000000091af000 	/System/Library/PrivateFrameworks/LoginUIKit.framework/Versions/A/Frameworks/LoginUICore.framework/Versions/A/LoginUICore
0x00000000091af000 	/usr/lib/libCoreStorage.dylib
0x00000000091af000 	/usr/lib/libcsfde.dylib
0x00000000091af000 	/usr/lib/libodfde.dylib
0x00000000091af000 	/System/Library/PrivateFrameworks/MediaKit.framework/Versions/A/MediaKit
0x00000000091af000 	/System/Library/Frameworks/DiscRecording.framework/Versions/A/DiscRecording
0x00000000091af000 	/System/Library/PrivateFrameworks/EFILogin.framework/Versions/A/EFILogin
0x00000000091af000 	/System/Library/PrivateFrameworks/ProtectedCloudStorage.framework/Versions/A/ProtectedCloudStorage
0x00000000091af000 	/usr/lib/libcurl.4.dylib
0x00000000091af000 	/usr/lib/libssl.35.dylib
0x00000000091af000 	/System/Library/Frameworks/LDAP.framework/Versions/A/LDAP
0x00000000091af000 	/usr/lib/libsasl2.2.dylib
0x00000000091af000 	/System/Library/PrivateFrameworks/CoreDaemon.framework/Versions/B/CoreDaemon
0x00000000091af000 	/System/Library/PrivateFrameworks/AppleSRP.framework/Versions/A/AppleSRP
0x0000000129983000 	/Library/Java/JavaVirtualMachines/jdk1.8.0_161.jdk/Contents/Home/jre/lib/libjavafx_font.dylib
0x00000000091af000 	/System/Library/Frameworks/ApplicationServices.framework/Versions/A/Frameworks/ATS.framework/Versions/A/Resources/libTrueTypeScaler.dylib
0x000000012bed7000 	/Library/Java/JavaVirtualMachines/jdk1.8.0_161.jdk/Contents/Home/jre/lib/libjfxwebkit.dylib
0x0000000130ccc000 	/private/var/folders/d_/yhf2qzdd5w35m2q7lszxbs8r0000gp/T/libsqlcipher.dylib
0x000000012974a000 	/private/var/folders/d_/yhf2qzdd5w35m2q7lszxbs8r0000gp/T/libcbljavakey.dylib
0x00000000091af000 	/System/Library/Frameworks/JavaVM.framework/Versions/A/JavaVM
0x00000000091af000 	/System/Library/PrivateFrameworks/JavaLaunching.framework/Versions/A/JavaLaunching
0x0000000130d93000 	/private/var/folders/d_/yhf2qzdd5w35m2q7lszxbs8r0000gp/T/libcbljavasqlcipher.dylib
0x000000012f9a5000 	/Library/Java/JavaVirtualMachines/jdk1.8.0_161.jdk/Contents/Home/jre/lib/libnio.dylib
0x000000012f9b5000 	/Library/Java/JavaVirtualMachines/jdk1.8.0_161.jdk/Contents/Home/jre/lib/./libnet.dylib
0x00000000091af000 	/System/Library/Extensions/AppleIntelHD5000GraphicsMTLDriver.bundle/Contents/MacOS/AppleIntelHD5000GraphicsMTLDriver
0x00000001337c5000 	/System/Library/Extensions/AMDMTLBronzeDriver.bundle/Contents/MacOS/AMDMTLBronzeDriver
0x00000000091af000 	/System/Library/PrivateFrameworks/IOAccelMemoryInfo.framework/Versions/A/IOAccelMemoryInfo
0x00000000091af000 	/System/Library/PrivateFrameworks/GPUCompiler.framework/Versions/3802/Libraries/libmetal_timestamp.dylib
0x000000012b157000 	/Library/Java/JavaVirtualMachines/jdk1.8.0_161.jdk/Contents/Home/jre/lib/libprism_common.dylib
0x00000000091af000 	/System/Library/PrivateFrameworks/ViewBridge.framework/Versions/A/ViewBridge

VM Arguments:
jvm_args: -agentlib:jdwp=transport=dt_socket,address=127.0.0.1:49670,suspend=y,server=n -javaagent:/Users/wisen/Library/Caches/IntelliJIdea2017.3/captureAgent/debugger-agent.jar=/private/var/folders/d_/yhf2qzdd5w35m2q7lszxbs8r0000gp/T/capture.props -Dfile.encoding=UTF-8 
java_command: mainhotelapp.MainAppKotlinKt
java_class_path (initial): /Library/Java/JavaVirtualMachines/jdk1.8.0_161.jdk/Contents/Home/jre/lib/charsets.jar:/Library/Java/JavaVirtualMachines/jdk1.8.0_161.jdk/Contents/Home/jre/lib/deploy.jar:/Library/Java/JavaVirtualMachines/jdk1.8.0_161.jdk/Contents/Home/jre/lib/ext/cldrdata.jar:/Library/Java/JavaVirtualMachines/jdk1.8.0_161.jdk/Contents/Home/jre/lib/ext/dnsns.jar:/Library/Java/JavaVirtualMachines/jdk1.8.0_161.jdk/Contents/Home/jre/lib/ext/jaccess.jar:/Library/Java/JavaVirtualMachines/jdk1.8.0_161.jdk/Contents/Home/jre/lib/ext/jfxrt.jar:/Library/Java/JavaVirtualMachines/jdk1.8.0_161.jdk/Contents/Home/jre/lib/ext/localedata.jar:/Library/Java/JavaVirtualMachines/jdk1.8.0_161.jdk/Contents/Home/jre/lib/ext/nashorn.jar:/Library/Java/JavaVirtualMachines/jdk1.8.0_161.jdk/Contents/Home/jre/lib/ext/sunec.jar:/Library/Java/JavaVirtualMachines/jdk1.8.0_161.jdk/Contents/Home/jre/lib/ext/sunjce_provider.jar:/Library/Java/JavaVirtualMachines/jdk1.8.0_161.jdk/Contents/Home/jre/lib/ext/sunpkcs11.jar:/Library/Java/JavaVirtualMachines/jdk1.8.0_161.jdk/Contents/Home/jre/lib/ext/zipfs.jar:/Library/Java/JavaVirtualMachines/jdk1.8.0_161.jdk/Contents/Home/jre/lib/javaws.jar:/Library/Java/JavaVirtualMachines/jdk1.8.0_161.jdk/Contents/Home/jre/lib/jce.jar:/Library/Java/JavaVirtualMachines/jdk1.8.0_161.jdk/Contents/Home/jre/lib/jfr.jar:/Library/Java/JavaVirtualMachines/jdk1.8.0_161.jdk/Contents/Home/jre/lib/jfxswt.jar:/Library/Java/JavaVirtualMachines/jdk1.8.0_161.jdk/Contents/Home/jre/lib/jsse.jar:/Library/Java/JavaVirtualMachines/jdk1.8.0_161.jdk/Contents/Home/jre/lib/management-agent.jar:/Library/Java/JavaVirtualMachines/jdk1.8.0_161.jdk/Contents/Home/jre/lib/plugin.jar:/Library/Java/JavaVirtualMachines/jdk1.8.0_161.jdk/Contents/Home/jre/lib/resources.jar:/Library/Java/JavaVirtualMachines/jdk1.8.0_161.jdk/Contents/Home/jre/lib/rt.jar:/Library/Java/JavaVirtualMachines/jdk1.8.0_161.jdk/Contents/Home/lib/ant-javafx.jar:/Library/Java/JavaVirtualMachines/jdk1.8.0_161.jdk/Contents/Home
Launcher Type: SUN_STANDARD

Environment Variables:
PATH=/usr/local/bin:/usr/bin:/bin:/usr/sbin:/sbin
SHELL=/bin/bash

Signal Handlers:
SIGSEGV: [libjvm.dylib+0x5b5439], sa_mask[0]=11111111011111110111111111111111, sa_flags=SA_ONSTACK|SA_RESTART|SA_SIGINFO
SIGBUS: [libjvm.dylib+0x5b5439], sa_mask[0]=11111111011111110111111111111111, sa_flags=SA_RESTART|SA_SIGINFO
SIGFPE: [libjvm.dylib+0x48ae24], sa_mask[0]=11111111011111110111111111111111, sa_flags=SA_RESTART|SA_SIGINFO
SIGPIPE: [libjvm.dylib+0x48ae24], sa_mask[0]=11111111011111110111111111111111, sa_flags=SA_RESTART|SA_SIGINFO
SIGXFSZ: [libjvm.dylib+0x48ae24], sa_mask[0]=11111111011111110111111111111111, sa_flags=SA_RESTART|SA_SIGINFO
SIGILL: [libjvm.dylib+0x48ae24], sa_mask[0]=11111111011111110111111111111111, sa_flags=SA_RESTART|SA_SIGINFO
SIGUSR1: SIG_DFL, sa_mask[0]=00000000000000000000000000000000, sa_flags=none
SIGUSR2: [libjvm.dylib+0x48a942], sa_mask[0]=00100000000000000000000000000000, sa_flags=SA_RESTART|SA_SIGINFO
SIGHUP: [libjvm.dylib+0x488f0d], sa_mask[0]=11111111011111110111111111111111, sa_flags=SA_RESTART|SA_SIGINFO
SIGINT: [libjvm.dylib+0x488f0d], sa_mask[0]=11111111011111110111111111111111, sa_flags=SA_RESTART|SA_SIGINFO
SIGTERM: [libjvm.dylib+0x488f0d], sa_mask[0]=11111111011111110111111111111111, sa_flags=SA_RESTART|SA_SIGINFO
SIGQUIT: [libjvm.dylib+0x488f0d], sa_mask[0]=11111111011111110111111111111111, sa_flags=SA_RESTART|SA_SIGINFO


---------------  S Y S T E M  ---------------

OS:Bsduname:Darwin 17.4.0 Darwin Kernel Version 17.4.0: Sun Dec 17 09:19:54 PST 2017; root:xnu-4570.41.2~1/RELEASE_X86_64 x86_64
rlimit: STACK 8192k, CORE 0k, NPROC 1418, NOFILE 10240, AS infinity
load average:4.57 3.80 3.34

CPU:total 8 (initial active 8) (4 cores per cpu, 2 threads per core) family 6 model 70 stepping 1, cmov, cx8, fxsr, mmx, sse, sse2, sse3, ssse3, sse4.1, sse4.2, popcnt, avx, avx2, aes, clmul, erms, lzcnt, ht, tsc, tscinvbit, bmi1, bmi2

Memory: 4k page, physical 16777216k(2789632k free)

/proc/meminfo:


vm_info: Java HotSpot(TM) 64-Bit Server VM (25.161-b12) for bsd-amd64 JRE (1.8.0_161-b12), built on Dec 19 2017 16:22:20 by "java_re" with gcc 4.2.1 (Based on Apple Inc. build 5658) (LLVM build 2336.11.00)

time: Wed Mar 21 12:51:55 2018
elapsed time: 46 seconds (0d 0h 0m 46s)

